<?xml version="1.0" encoding="UTF-8"?>
<Site BuildName="(empty)"
	BuildStamp="20240803-1643-Experimental"
	Name="adam-IdeaPad-3-15ITL6"
	Generator="ctest-3.29.2"
	CompilerName="/usr/bin/c++"
	CompilerVersion="11.4.0"
	OSName="Linux"
	Hostname="adam-IdeaPad-3-15ITL6"
	OSRelease="6.5.0-44-generic"
	OSVersion="#44~22.04.1-Ubuntu SMP PREEMPT_DYNAMIC Tue Jun 18 14:36:16 UTC 2"
	OSPlatform="x86_64"
	Is64Bits="1"
	VendorString="GenuineIntel"
	VendorID="Intel Corporation"
	FamilyID="6"
	ModelID="140"
	ProcessorCacheSize="8192"
	NumberOfLogicalCPU="8"
	NumberOfPhysicalCPU="4"
	TotalVirtualMemory="2047"
	TotalPhysicalMemory="11750"
	LogicalProcessorsPerPhysical="2"
	ProcessorClockFrequency="3800.07"
	>
	<Testing>
		<StartDateTime>Aug 03 18:43 CEST</StartDateTime>
		<StartTestTime>1722703409</StartTestTime>
		<TestList/>
		<EndDateTime>Aug 03 18:43 CEST</EndDateTime>
		<EndTestTime>1722703409</EndTestTime>
		<ElapsedMinutes>0</ElapsedMinutes>
	</Testing>
</Site>
