[0.012s] Invoking command in '/home/adam/dev_ws/build/basic_mobile_robot': /home/adam/.local/bin/cmake --build /home/adam/dev_ws/build/basic_mobile_robot -- -j8 -l8
[0.084s] -- Found ament_cmake: 1.3.9 (/opt/ros/humble/share/ament_cmake/cmake)
[0.245s] -- Found ament_lint_auto: 0.12.11 (/opt/ros/humble/share/ament_lint_auto/cmake)
[0.284s] Error parsing '/home/adam/dev_ws/src/basic_mobile_robot/package.xml':
[0.316s] Traceback (most recent call last):
[0.316s]   File "/home/adam/.local/lib/python3.10/site-packages/catkin_pkg/package.py", line 610, in parse_package_string
[0.317s]     root = dom.parseString(data)
[0.317s]   File "/usr/lib/python3.10/xml/dom/minidom.py", line 2000, in parseString
[0.317s]     return expatbuilder.parseString(string)
[0.317s]   File "/usr/lib/python3.10/xml/dom/expatbuilder.py", line 925, in parseString
[0.317s]     return builder.parseString(string)
[0.317s]   File "/usr/lib/python3.10/xml/dom/expatbuilder.py", line 223, in parseString
[0.317s]     parser.Parse(string, True)
[0.317s] xml.parsers.expat.ExpatError: syntax error: line 1, column 0
[0.317s] 
[0.317s] During handling of the above exception, another exception occurred:
[0.317s] 
[0.317s] Traceback (most recent call last):
[0.317s]   File "/opt/ros/humble/share/ament_cmake_core/cmake/core/package_xml_2_cmake.py", line 150, in <module>
[0.318s]     main()
[0.318s]   File "/opt/ros/humble/share/ament_cmake_core/cmake/core/package_xml_2_cmake.py", line 53, in main
[0.318s]     raise e
[0.318s]   File "/opt/ros/humble/share/ament_cmake_core/cmake/core/package_xml_2_cmake.py", line 49, in main
[0.318s]     package = parse_package_string(
[0.318s]   File "/home/adam/.local/lib/python3.10/site-packages/catkin_pkg/package.py", line 612, in parse_package_string
[0.318s]     raise InvalidPackage('The manifest contains invalid XML:\n%s' % ex, filename)
[0.318s] catkin_pkg.package.InvalidPackage: Error(s) in package '/home/adam/dev_ws/src/basic_mobile_robot/package.xml':
[0.318s] The manifest contains invalid XML:
[0.318s] syntax error: line 1, column 0
[0.329s] [31mCMake Error at /opt/ros/humble/share/ament_cmake_core/cmake/core/ament_package_xml.cmake:95 (message):
[0.329s]   execute_process(/usr/bin/python3
[0.329s]   /opt/ros/humble/share/ament_cmake_core/cmake/core/package_xml_2_cmake.py
[0.329s]   /home/adam/dev_ws/src/basic_mobile_robot/package.xml
[0.329s]   /home/adam/dev_ws/build/basic_mobile_robot/ament_cmake_core/package.cmake)
[0.329s]   returned error code 1
[0.329s] Call Stack (most recent call first):
[0.330s]   /opt/ros/humble/share/ament_cmake_core/cmake/core/ament_package_xml.cmake:49 (_ament_package_xml)
[0.330s]   /opt/ros/humble/share/ament_lint_auto/cmake/ament_lint_auto_find_test_dependencies.cmake:31 (ament_package_xml)
[0.330s]   CMakeLists.txt:37 (ament_lint_auto_find_test_dependencies)
[0.330s] 
[0.330s] [0m
[0.330s] -- Configuring incomplete, errors occurred!
[0.331s] gmake: *** [Makefile:226: cmake_check_build_system] Error 1
[0.341s] Invoked command in '/home/adam/dev_ws/build/basic_mobile_robot' returned '2': /home/adam/.local/bin/cmake --build /home/adam/dev_ws/build/basic_mobile_robot -- -j8 -l8
